<?xml version="1.0" encoding="UTF-8"?>
<testsuite name="BlackjackTest" tests="1" skipped="0" failures="0" errors="0" timestamp="2017-03-16T22:26:16" hostname="Epicodus-5F.local" time="0.001">
  <properties/>
  <testcase name="getSuit_returnTheRightSuit_Spades" classname="BlackjackTest" time="0.001"/>
  <system-out><![CDATA[]]></system-out>
  <system-err><![CDATA[]]></system-err>
</testsuite>
